[{"line":2,"elements":[{"start_timestamp":"2025-04-26T23:22:05.499Z","line":13,"name":"Login with Invalid credential","description":"","id":"user-login-on-gmail;login-with-invalid-credential;;2","type":"scenario","keyword":"Scenario Outline","steps":[{"result":{"duration":6062997800,"status":"passed"},"line":5,"name":"Landing on Gmail login page","match":{"location":"stepDefinitions.checkwithinvaliddata.landing_on_gmail_login_page()"},"keyword":"Given "},{"result":{"error_message":"io.cucumber.core.exception.CucumberException: Could not convert arguments for step [^User enter (.+) and (.+)$] defined at 'stepDefinitions.checkwithinvaliddata.user_enter_deepshikha_gmail_com_and(java.lang.String,int)'.\r\n\tat io.cucumber.core.runner.PickleStepDefinitionMatch.couldNotConvertArguments(PickleStepDefinitionMatch.java:111)\r\n\tat io.cucumber.core.runner.PickleStepDefinitionMatch.runStep(PickleStepDefinitionMatch.java:55)\r\n\tat io.cucumber.core.runner.ExecutionMode$1.execute(ExecutionMode.java:10)\r\n\tat io.cucumber.core.runner.TestStep.executeStep(TestStep.java:81)\r\n\tat io.cucumber.core.runner.TestStep.run(TestStep.java:53)\r\n\tat io.cucumber.core.runner.PickleStepTestStep.run(PickleStepTestStep.java:51)\r\n\tat io.cucumber.core.runner.TestCase.run(TestCase.java:86)\r\n\tat io.cucumber.core.runner.Runner.runPickle(Runner.java:77)\r\n\tat io.cucumber.testng.TestNGCucumberRunner.lambda$runScenario$1(TestNGCucumberRunner.java:135)\r\n\tat io.cucumber.core.runtime.CucumberExecutionContext.lambda$runTestCase$5(CucumberExecutionContext.java:136)\r\n\tat io.cucumber.core.runtime.RethrowingThrowableCollector.executeAndThrow(RethrowingThrowableCollector.java:23)\r\n\tat io.cucumber.core.runtime.CucumberExecutionContext.runTestCase(CucumberExecutionContext.java:136)\r\n\tat io.cucumber.testng.TestNGCucumberRunner.runScenario(TestNGCucumberRunner.java:132)\r\n\tat io.cucumber.testng.AbstractTestNGCucumberTests.runScenario(AbstractTestNGCucumberTests.java:35)\r\n\tat java.base/jdk.internal.reflect.DirectMethodHandleAccessor.invoke(DirectMethodHandleAccessor.java:104)\r\n\tat java.base/java.lang.reflect.Method.invoke(Method.java:565)\r\n\tat org.testng.internal.invokers.MethodInvocationHelper.invokeMethod(MethodInvocationHelper.java:141)\r\n\tat org.testng.internal.invokers.TestInvoker.invokeMethod(TestInvoker.java:687)\r\n\tat org.testng.internal.invokers.TestInvoker.invokeTestMethod(TestInvoker.java:230)\r\n\tat org.testng.internal.invokers.MethodRunner.runInSequence(MethodRunner.java:63)\r\n\tat org.testng.internal.invokers.TestInvoker$MethodInvocationAgent.invoke(TestInvoker.java:995)\r\n\tat org.testng.internal.invokers.TestInvoker.invokeTestMethods(TestInvoker.java:203)\r\n\tat org.testng.internal.invokers.TestMethodWorker.invokeTestMethods(TestMethodWorker.java:154)\r\n\tat org.testng.internal.invokers.TestMethodWorker.run(TestMethodWorker.java:134)\r\n\tat java.base/java.util.ArrayList.forEach(ArrayList.java:1604)\r\n\tat org.testng.TestRunner.privateRun(TestRunner.java:741)\r\n\tat org.testng.TestRunner.run(TestRunner.java:616)\r\n\tat org.testng.SuiteRunner.runTest(SuiteRunner.java:421)\r\n\tat org.testng.SuiteRunner.runSequentially(SuiteRunner.java:413)\r\n\tat org.testng.SuiteRunner.privateRun(SuiteRunner.java:373)\r\n\tat org.testng.SuiteRunner.run(SuiteRunner.java:312)\r\n\tat org.testng.SuiteRunnerWorker.runSuite(SuiteRunnerWorker.java:52)\r\n\tat org.testng.SuiteRunnerWorker.run(SuiteRunnerWorker.java:95)\r\n\tat org.testng.TestNG.runSuitesSequentially(TestNG.java:1274)\r\n\tat org.testng.TestNG.runSuitesLocally(TestNG.java:1208)\r\n\tat org.testng.TestNG.runSuites(TestNG.java:1112)\r\n\tat org.testng.TestNG.run(TestNG.java:1079)\r\n\tat org.testng.remote.AbstractRemoteTestNG.run(AbstractRemoteTestNG.java:115)\r\n\tat org.testng.remote.RemoteTestNG.initAndRun(RemoteTestNG.java:293)\r\n\tat org.testng.remote.RemoteTestNG.main(RemoteTestNG.java:91)\r\nCaused by: io.cucumber.cucumberexpressions.CucumberExpressionException: ParameterType {anonymous} failed to transform [fail] to int\r\n\tat io.cucumber.cucumberexpressions.ParameterType.transform(ParameterType.java:264)\r\n\tat io.cucumber.cucumberexpressions.Argument.getValue(Argument.java:42)\r\n\tat io.cucumber.core.stepexpression.ExpressionArgument.getValue(ExpressionArgument.java:17)\r\n\tat io.cucumber.core.runner.PickleStepDefinitionMatch.runStep(PickleStepDefinitionMatch.java:46)\r\n\t... 38 more\r\nCaused by: java.lang.NumberFormatException: For input string: \"fail\"\r\n\tat java.base/java.lang.NumberFormatException.forInputString(NumberFormatException.java:67)\r\n\tat java.base/java.lang.Integer.parseInt(Integer.java:564)\r\n\tat java.base/java.lang.Integer.decode(Integer.java:1372)\r\n\tat io.cucumber.cucumberexpressions.BuiltInParameterTransformer.doTransform(BuiltInParameterTransformer.java:68)\r\n\tat io.cucumber.cucumberexpressions.BuiltInParameterTransformer.transform(BuiltInParameterTransformer.java:22)\r\n\tat io.cucumber.cucumberexpressions.RegularExpression.lambda$match$0(RegularExpression.java:66)\r\n\tat io.cucumber.cucumberexpressions.ParameterType$TransformerAdaptor.transform(ParameterType.java:299)\r\n\tat io.cucumber.cucumberexpressions.ParameterType.transform(ParameterType.java:259)\r\n\t... 41 more\r\n","duration":13001100,"status":"failed"},"line":6,"name":"User enter deepshikha@gmail.com and St1223 and fail","match":{"arguments":[{"val":"deepshikha@gmail.com and St1223","offset":11},{"val":"fail","offset":47}],"location":"stepDefinitions.checkwithinvaliddata.user_enter_deepshikha_gmail_com_and(java.lang.String,int)"},"keyword":"When "},{"result":{"status":"skipped"},"line":7,"name":"I validate the outcomes","match":{"location":"stepDefinitions.checkwithinvaliddata.i_validate_the_outcomes()"},"keyword":"Then "}]}],"name":"User login on Gmail","description":"","id":"user-login-on-gmail","keyword":"Feature","uri":"file:src/test/resources/features/gmailLogin.feature","tags":[]}]