<?xml version="1.0" encoding="UTF-8"?>
<!-- Generated by org.testng.reporters.JUnitReportReporter -->
<testsuite hostname="DESKTOP-GUVME3D" failures="0" tests="1" name="runners.gmailRunner" time="6.699" errors="1" timestamp="2025-04-26T15:24:39 AEST" skipped="0">
  <testcase classname="runners.gmailRunner" name="runScenario" time="6.699">
    <error message="Could not convert arguments for step [^User enter (.+) and (.+)$] defined at &#039;stepDefinitions.checkwithinvaliddata.user_enter_deepshikha_gmail_com_and(java.lang.String,int)&#039;." type="io.cucumber.core.exception.CucumberException">
      <![CDATA[io.cucumber.core.exception.CucumberException: Could not convert arguments for step [^User enter (.+) and (.+)$] defined at 'stepDefinitions.checkwithinvaliddata.user_enter_deepshikha_gmail_com_and(java.lang.String,int)'.
at io.cucumber.core.runner.PickleStepDefinitionMatch.couldNotConvertArguments(PickleStepDefinitionMatch.java:111)
at io.cucumber.core.runner.PickleStepDefinitionMatch.runStep(PickleStepDefinitionMatch.java:55)
at io.cucumber.core.runner.ExecutionMode$1.execute(ExecutionMode.java:10)
at io.cucumber.core.runner.TestStep.executeStep(TestStep.java:81)
at io.cucumber.core.runner.TestStep.run(TestStep.java:53)
at io.cucumber.core.runner.PickleStepTestStep.run(PickleStepTestStep.java:51)
at io.cucumber.core.runner.TestCase.run(TestCase.java:86)
at io.cucumber.core.runner.Runner.runPickle(Runner.java:77)
at io.cucumber.testng.TestNGCucumberRunner.lambda$runScenario$1(TestNGCucumberRunner.java:135)
at io.cucumber.core.runtime.CucumberExecutionContext.lambda$runTestCase$5(CucumberExecutionContext.java:136)
at io.cucumber.core.runtime.RethrowingThrowableCollector.executeAndThrow(RethrowingThrowableCollector.java:23)
at io.cucumber.core.runtime.CucumberExecutionContext.runTestCase(CucumberExecutionContext.java:136)
at io.cucumber.testng.TestNGCucumberRunner.runScenario(TestNGCucumberRunner.java:132)
at io.cucumber.testng.AbstractTestNGCucumberTests.runScenario(AbstractTestNGCucumberTests.java:35)
at java.base/jdk.internal.reflect.DirectMethodHandleAccessor.invoke(DirectMethodHandleAccessor.java:104)
at java.base/java.lang.reflect.Method.invoke(Method.java:565)
at org.testng.internal.invokers.MethodInvocationHelper.invokeMethod(MethodInvocationHelper.java:141)
at org.testng.internal.invokers.TestInvoker.invokeMethod(TestInvoker.java:687)
at org.testng.internal.invokers.TestInvoker.invokeTestMethod(TestInvoker.java:230)
at org.testng.internal.invokers.MethodRunner.runInSequence(MethodRunner.java:63)
at org.testng.internal.invokers.TestInvoker$MethodInvocationAgent.invoke(TestInvoker.java:995)
at org.testng.internal.invokers.TestInvoker.invokeTestMethods(TestInvoker.java:203)
at org.testng.internal.invokers.TestMethodWorker.invokeTestMethods(TestMethodWorker.java:154)
at org.testng.internal.invokers.TestMethodWorker.run(TestMethodWorker.java:134)
at java.base/java.util.ArrayList.forEach(ArrayList.java:1604)
at org.testng.TestRunner.privateRun(TestRunner.java:741)
at org.testng.TestRunner.run(TestRunner.java:616)
at org.testng.SuiteRunner.runTest(SuiteRunner.java:421)
at org.testng.SuiteRunner.runSequentially(SuiteRunner.java:413)
at org.testng.SuiteRunner.privateRun(SuiteRunner.java:373)
at org.testng.SuiteRunner.run(SuiteRunner.java:312)
at org.testng.SuiteRunnerWorker.runSuite(SuiteRunnerWorker.java:52)
at org.testng.SuiteRunnerWorker.run(SuiteRunnerWorker.java:95)
at org.testng.TestNG.runSuitesSequentially(TestNG.java:1274)
at org.testng.TestNG.runSuitesLocally(TestNG.java:1208)
at org.testng.TestNG.runSuites(TestNG.java:1112)
at org.testng.TestNG.run(TestNG.java:1079)
at org.testng.remote.AbstractRemoteTestNG.run(AbstractRemoteTestNG.java:115)
at org.testng.remote.RemoteTestNG.initAndRun(RemoteTestNG.java:293)
at org.testng.remote.RemoteTestNG.main(RemoteTestNG.java:91)
Caused by: io.cucumber.cucumberexpressions.CucumberExpressionException: ParameterType {anonymous} failed to transform [fail] to int
at io.cucumber.cucumberexpressions.ParameterType.transform(ParameterType.java:264)
at io.cucumber.cucumberexpressions.Argument.getValue(Argument.java:42)
at io.cucumber.core.stepexpression.ExpressionArgument.getValue(ExpressionArgument.java:17)
at io.cucumber.core.runner.PickleStepDefinitionMatch.runStep(PickleStepDefinitionMatch.java:46)
... 38 more
Caused by: java.lang.NumberFormatException: For input string: "fail"
at java.base/java.lang.NumberFormatException.forInputString(NumberFormatException.java:67)
at java.base/java.lang.Integer.parseInt(Integer.java:564)
at java.base/java.lang.Integer.decode(Integer.java:1372)
at io.cucumber.cucumberexpressions.BuiltInParameterTransformer.doTransform(BuiltInParameterTransformer.java:68)
at io.cucumber.cucumberexpressions.BuiltInParameterTransformer.transform(BuiltInParameterTransformer.java:22)
at io.cucumber.cucumberexpressions.RegularExpression.lambda$match$0(RegularExpression.java:66)
at io.cucumber.cucumberexpressions.ParameterType$TransformerAdaptor.transform(ParameterType.java:299)
at io.cucumber.cucumberexpressions.ParameterType.transform(ParameterType.java:259)
... 41 more
]]>
    </error>
  </testcase> <!-- runScenario -->
</testsuite> <!-- runners.gmailRunner -->
